build/app/intermediates/manifest_merge_blame_file/debug/manifest-merger-blame-debug-report.txt
1<?xml version="1.0" encoding="utf-8"?>
2<manifest xmlns:android="http://schemas.android.com/apk/res/android"
3    package="com.example.routine"
4    android:versionCode="1"
5    android:versionName="1.0.0" >
6
7    <uses-sdk
8        android:minSdkVersion="16"
9        android:targetSdkVersion="30" />
10    <!--
11         Flutter needs it to communicate with the running application
12         to allow setting breakpoints, to provide hot reload, etc.
13    -->
14    <uses-permission android:name="android.permission.INTERNET" />
14-->src\debug\AndroidManifest.xml:6:5-66
14-->src\debug\AndroidManifest.xml:6:22-64
15    <uses-permission android:name="android.permission.READ_EXTERNAL_STORAGE" />
15-->[:image_picker] AndroidManifest.xml:7:5-80
15-->[:image_picker] AndroidManifest.xml:7:22-77
16    <uses-permission android:name="android.permission.WRITE_EXTERNAL_STORAGE" />
16-->[:image_picker] AndroidManifest.xml:8:5-81
16-->[:image_picker] AndroidManifest.xml:8:22-78
17    <uses-permission android:name="android.permission.WAKE_LOCK" />
17-->[:firebase_messaging] AndroidManifest.xml:8:5-68
17-->[:firebase_messaging] AndroidManifest.xml:8:22-65
18    <uses-permission android:name="android.permission.ACCESS_NETWORK_STATE" /> <!-- Required by older versions of Google Play services to create IID tokens -->
18-->[:firebase_messaging] AndroidManifest.xml:9:5-79
18-->[:firebase_messaging] AndroidManifest.xml:9:22-76
19    <uses-permission android:name="com.google.android.c2dm.permission.RECEIVE" />
19-->[com.google.firebase:firebase-messaging:21.1.0] AndroidManifest.xml:25:5-82
19-->[com.google.firebase:firebase-messaging:21.1.0] AndroidManifest.xml:25:22-79
20    <uses-permission android:name="com.google.android.finsky.permission.BIND_GET_INSTALL_REFERRER_SERVICE" />
20-->[com.google.android.gms:play-services-measurement:18.0.3] AndroidManifest.xml:26:5-110
20-->[com.google.android.gms:play-services-measurement:18.0.3] AndroidManifest.xml:26:22-107
21
22    <application
22-->src\main\AndroidManifest.xml:3:4-40:19
23        android:name="androidx.multidex.MultiDexApplication"
24        android:appComponentFactory="androidx.core.app.CoreComponentFactory"
24-->[androidx.core:core:1.2.0] AndroidManifest.xml:24:18-86
25        android:debuggable="true"
26        android:icon="@mipmap/ic_launcher"
26-->src\main\AndroidManifest.xml:5:9-43
27        android:label="routine" >
27-->src\main\AndroidManifest.xml:4:9-32
28        <activity
28-->src\main\AndroidManifest.xml:6:9-34:20
29            android:name="com.example.routine.MainActivity"
29-->src\main\AndroidManifest.xml:7:13-41
30            android:configChanges="orientation|keyboardHidden|keyboard|screenSize|smallestScreenSize|locale|layoutDirection|fontScale|screenLayout|density|uiMode"
30-->src\main\AndroidManifest.xml:10:13-163
31            android:hardwareAccelerated="true"
31-->src\main\AndroidManifest.xml:11:13-47
32            android:launchMode="singleTop"
32-->src\main\AndroidManifest.xml:8:13-43
33            android:theme="@style/LaunchTheme"
33-->src\main\AndroidManifest.xml:9:13-47
34            android:windowSoftInputMode="adjustResize" >
34-->src\main\AndroidManifest.xml:12:13-55
35
36            <!--
37                 Specifies an Android theme to apply to this Activity as soon as
38                 the Android process has started. This theme is visible to the user
39                 while the Flutter UI initializes. After that, this theme continues
40                 to determine the Window background behind the Flutter UI.
41            -->
42            <meta-data
42-->src\main\AndroidManifest.xml:17:13-20:17
43                android:name="io.flutter.embedding.android.NormalTheme"
43-->src\main\AndroidManifest.xml:18:15-70
44                android:resource="@style/NormalTheme" />
44-->src\main\AndroidManifest.xml:19:15-52
45            <!--
46                 Displays an Android View that continues showing the launch screen
47                 Drawable until Flutter paints its first frame, then this splash
48                 screen fades out. A splash screen is useful to avoid any visual
49                 gap between the end of Android's launch screen and the painting of
50                 Flutter's first frame.
51            -->
52            <meta-data
52-->src\main\AndroidManifest.xml:26:13-29:17
53                android:name="io.flutter.embedding.android.SplashScreenDrawable"
53-->src\main\AndroidManifest.xml:27:15-79
54                android:resource="@drawable/launch_background" />
54-->src\main\AndroidManifest.xml:28:15-61
55
56            <intent-filter>
56-->src\main\AndroidManifest.xml:30:13-33:29
57                <action android:name="android.intent.action.MAIN" />
57-->src\main\AndroidManifest.xml:31:17-68
57-->src\main\AndroidManifest.xml:31:25-66
58
59                <category android:name="android.intent.category.LAUNCHER" />
59-->src\main\AndroidManifest.xml:32:17-76
59-->src\main\AndroidManifest.xml:32:27-74
60            </intent-filter>
61        </activity>
62        <!--
63             Don't delete the meta-data below.
64             This is used by the Flutter tool to generate GeneratedPluginRegistrant.java
65        -->
66        <meta-data
66-->src\main\AndroidManifest.xml:37:9-39:33
67            android:name="flutterEmbedding"
67-->src\main\AndroidManifest.xml:38:13-44
68            android:value="2" />
68-->src\main\AndroidManifest.xml:39:13-30
69
70        <service
70-->[:firebase_storage] AndroidManifest.xml:8:9-12:19
71            android:name="com.google.firebase.components.ComponentDiscoveryService"
71-->[:firebase_storage] AndroidManifest.xml:8:18-89
72            android:directBootAware="true"
72-->[com.google.firebase:firebase-common:19.5.0] AndroidManifest.xml:35:13-43
73            android:exported="false" >
73-->[com.google.firebase:firebase-analytics-ktx:18.0.3] AndroidManifest.xml:10:13-37
74            <meta-data
74-->[:firebase_storage] AndroidManifest.xml:9:13-11:85
75                android:name="com.google.firebase.components:io.flutter.plugins.firebase.storage.FlutterFirebaseAppRegistrar"
75-->[:firebase_storage] AndroidManifest.xml:10:17-126
76                android:value="com.google.firebase.components.ComponentRegistrar" />
76-->[:firebase_storage] AndroidManifest.xml:11:17-82
77            <meta-data
77-->[:firebase_messaging] AndroidManifest.xml:34:13-36:85
78                android:name="com.google.firebase.components:io.flutter.plugins.firebase.messaging.FlutterFirebaseAppRegistrar"
78-->[:firebase_messaging] AndroidManifest.xml:35:17-128
79                android:value="com.google.firebase.components.ComponentRegistrar" />
79-->[:firebase_messaging] AndroidManifest.xml:36:17-82
80            <meta-data
80-->[:cloud_firestore] AndroidManifest.xml:9:13-11:85
81                android:name="com.google.firebase.components:io.flutter.plugins.firebase.firestore.FlutterFirebaseFirestoreRegistrar"
81-->[:cloud_firestore] AndroidManifest.xml:10:17-134
82                android:value="com.google.firebase.components.ComponentRegistrar" />
82-->[:cloud_firestore] AndroidManifest.xml:11:17-82
83            <meta-data
83-->[:firebase_auth] AndroidManifest.xml:9:13-11:85
84                android:name="com.google.firebase.components:io.flutter.plugins.firebase.auth.FlutterFirebaseAuthRegistrar"
84-->[:firebase_auth] AndroidManifest.xml:10:17-124
85                android:value="com.google.firebase.components.ComponentRegistrar" />
85-->[:firebase_auth] AndroidManifest.xml:11:17-82
86            <meta-data
86-->[:firebase_core] AndroidManifest.xml:9:13-11:85
87                android:name="com.google.firebase.components:io.flutter.plugins.firebase.core.FlutterFirebaseCoreRegistrar"
87-->[:firebase_core] AndroidManifest.xml:10:17-124
88                android:value="com.google.firebase.components.ComponentRegistrar" />
88-->[:firebase_core] AndroidManifest.xml:11:17-82
89            <meta-data
89-->[com.google.firebase:firebase-analytics-ktx:18.0.3] AndroidManifest.xml:11:13-13:85
90                android:name="com.google.firebase.components:com.google.firebase.analytics.ktx.FirebaseAnalyticsKtxRegistrar"
90-->[com.google.firebase:firebase-analytics-ktx:18.0.3] AndroidManifest.xml:12:17-126
91                android:value="com.google.firebase.components.ComponentRegistrar" />
91-->[com.google.firebase:firebase-analytics-ktx:18.0.3] AndroidManifest.xml:13:17-82
92            <meta-data
92-->[com.google.firebase:firebase-messaging-ktx:21.0.1] AndroidManifest.xml:29:13-31:85
93                android:name="com.google.firebase.components:com.google.firebase.messaging.ktx.FirebaseMessagingKtxRegistrar"
93-->[com.google.firebase:firebase-messaging-ktx:21.0.1] AndroidManifest.xml:30:17-126
94                android:value="com.google.firebase.components.ComponentRegistrar" />
94-->[com.google.firebase:firebase-messaging-ktx:21.0.1] AndroidManifest.xml:31:17-82
95            <meta-data
95-->[com.google.firebase:firebase-common-ktx:19.5.0] AndroidManifest.xml:15:13-17:85
96                android:name="com.google.firebase.components:com.google.firebase.ktx.FirebaseCommonKtxRegistrar"
96-->[com.google.firebase:firebase-common-ktx:19.5.0] AndroidManifest.xml:16:17-113
97                android:value="com.google.firebase.components.ComponentRegistrar" />
97-->[com.google.firebase:firebase-common-ktx:19.5.0] AndroidManifest.xml:17:17-82
98            <meta-data
98-->[com.google.firebase:firebase-messaging:21.1.0] AndroidManifest.xml:52:13-54:85
99                android:name="com.google.firebase.components:com.google.firebase.messaging.FirebaseMessagingRegistrar"
99-->[com.google.firebase:firebase-messaging:21.1.0] AndroidManifest.xml:53:17-119
100                android:value="com.google.firebase.components.ComponentRegistrar" />
100-->[com.google.firebase:firebase-messaging:21.1.0] AndroidManifest.xml:54:17-82
101            <meta-data
101-->[com.google.firebase:firebase-datatransport:17.0.10] AndroidManifest.xml:28:13-30:85
102                android:name="com.google.firebase.components:com.google.firebase.datatransport.TransportRegistrar"
102-->[com.google.firebase:firebase-datatransport:17.0.10] AndroidManifest.xml:29:17-115
103                android:value="com.google.firebase.components.ComponentRegistrar" />
103-->[com.google.firebase:firebase-datatransport:17.0.10] AndroidManifest.xml:30:17-82
104            <meta-data
104-->[com.google.firebase:firebase-auth:20.0.4] AndroidManifest.xml:77:13-79:85
105                android:name="com.google.firebase.components:com.google.firebase.auth.FirebaseAuthRegistrar"
105-->[com.google.firebase:firebase-auth:20.0.4] AndroidManifest.xml:78:17-109
106                android:value="com.google.firebase.components.ComponentRegistrar" />
106-->[com.google.firebase:firebase-auth:20.0.4] AndroidManifest.xml:79:17-82
107            <meta-data
107-->[com.google.firebase:firebase-iid:21.1.0] AndroidManifest.xml:32:13-34:85
108                android:name="com.google.firebase.components:com.google.firebase.iid.Registrar"
108-->[com.google.firebase:firebase-iid:21.1.0] AndroidManifest.xml:33:17-96
109                android:value="com.google.firebase.components.ComponentRegistrar" />
109-->[com.google.firebase:firebase-iid:21.1.0] AndroidManifest.xml:34:17-82
110            <meta-data
110-->[com.google.firebase:firebase-firestore:22.1.2] AndroidManifest.xml:20:13-22:85
111                android:name="com.google.firebase.components:com.google.firebase.firestore.FirestoreRegistrar"
111-->[com.google.firebase:firebase-firestore:22.1.2] AndroidManifest.xml:21:17-111
112                android:value="com.google.firebase.components.ComponentRegistrar" />
112-->[com.google.firebase:firebase-firestore:22.1.2] AndroidManifest.xml:22:17-82
113            <meta-data
113-->[com.google.firebase:firebase-storage:19.2.2] AndroidManifest.xml:33:13-35:85
114                android:name="com.google.firebase.components:com.google.firebase.storage.StorageRegistrar"
114-->[com.google.firebase:firebase-storage:19.2.2] AndroidManifest.xml:34:17-107
115                android:value="com.google.firebase.components.ComponentRegistrar" />
115-->[com.google.firebase:firebase-storage:19.2.2] AndroidManifest.xml:35:17-82
116            <meta-data
116-->[com.google.android.gms:play-services-measurement-api:18.0.3] AndroidManifest.xml:30:13-32:85
117                android:name="com.google.firebase.components:com.google.firebase.analytics.connector.internal.AnalyticsConnectorRegistrar"
117-->[com.google.android.gms:play-services-measurement-api:18.0.3] AndroidManifest.xml:31:17-139
118                android:value="com.google.firebase.components.ComponentRegistrar" />
118-->[com.google.android.gms:play-services-measurement-api:18.0.3] AndroidManifest.xml:32:17-82
119            <meta-data
119-->[com.google.firebase:firebase-installations:16.3.5] AndroidManifest.xml:18:13-20:85
120                android:name="com.google.firebase.components:com.google.firebase.installations.FirebaseInstallationsRegistrar"
120-->[com.google.firebase:firebase-installations:16.3.5] AndroidManifest.xml:19:17-127
121                android:value="com.google.firebase.components.ComponentRegistrar" />
121-->[com.google.firebase:firebase-installations:16.3.5] AndroidManifest.xml:20:17-82
122            <!--
123                This registrar is not defined in the dynamic-module-support sdk itself to allow non-firebase
124                clients to use it as well, by defining this registrar in their own core/common library.
125            -->
126            <meta-data
126-->[com.google.firebase:firebase-common:19.5.0] AndroidManifest.xml:43:13-45:85
127                android:name="com.google.firebase.components:com.google.firebase.dynamicloading.DynamicLoadingRegistrar"
127-->[com.google.firebase:firebase-common:19.5.0] AndroidManifest.xml:44:17-121
128                android:value="com.google.firebase.components.ComponentRegistrar" />
128-->[com.google.firebase:firebase-common:19.5.0] AndroidManifest.xml:45:17-82
129        </service>
130
131        <provider
131-->[:image_picker] AndroidManifest.xml:11:9-19:20
132            android:name="io.flutter.plugins.imagepicker.ImagePickerFileProvider"
132-->[:image_picker] AndroidManifest.xml:12:13-82
133            android:authorities="com.example.routine.flutter.image_provider"
133-->[:image_picker] AndroidManifest.xml:13:13-74
134            android:exported="false"
134-->[:image_picker] AndroidManifest.xml:14:13-37
135            android:grantUriPermissions="true" >
135-->[:image_picker] AndroidManifest.xml:15:13-47
136            <meta-data
136-->[:image_picker] AndroidManifest.xml:16:13-18:75
137                android:name="android.support.FILE_PROVIDER_PATHS"
137-->[:image_picker] AndroidManifest.xml:17:17-67
138                android:resource="@xml/flutter_image_picker_file_paths" />
138-->[:image_picker] AndroidManifest.xml:18:17-72
139        </provider>
140
141        <service
141-->[:firebase_messaging] AndroidManifest.xml:12:9-15:72
142            android:name="io.flutter.plugins.firebase.messaging.FlutterFirebaseMessagingBackgroundService"
142-->[:firebase_messaging] AndroidManifest.xml:13:13-107
143            android:exported="false"
143-->[:firebase_messaging] AndroidManifest.xml:14:13-37
144            android:permission="android.permission.BIND_JOB_SERVICE" />
144-->[:firebase_messaging] AndroidManifest.xml:15:13-69
145        <service
145-->[:firebase_messaging] AndroidManifest.xml:16:9-22:19
146            android:name="io.flutter.plugins.firebase.messaging.FlutterFirebaseMessagingService"
146-->[:firebase_messaging] AndroidManifest.xml:17:13-97
147            android:exported="false" >
147-->[:firebase_messaging] AndroidManifest.xml:18:13-37
148            <intent-filter>
148-->[:firebase_messaging] AndroidManifest.xml:19:13-21:29
149                <action android:name="com.google.firebase.MESSAGING_EVENT" />
149-->[:firebase_messaging] AndroidManifest.xml:20:17-78
149-->[:firebase_messaging] AndroidManifest.xml:20:25-75
150            </intent-filter>
151        </service>
152
153        <receiver
153-->[:firebase_messaging] AndroidManifest.xml:24:9-31:20
154            android:name="io.flutter.plugins.firebase.messaging.FlutterFirebaseMessagingReceiver"
154-->[:firebase_messaging] AndroidManifest.xml:25:13-98
155            android:exported="true"
155-->[:firebase_messaging] AndroidManifest.xml:26:13-36
156            android:permission="com.google.android.c2dm.permission.SEND" >
156-->[:firebase_messaging] AndroidManifest.xml:27:13-73
157            <intent-filter>
157-->[:firebase_messaging] AndroidManifest.xml:28:13-30:29
158                <action android:name="com.google.android.c2dm.intent.RECEIVE" />
158-->[:firebase_messaging] AndroidManifest.xml:29:17-81
158-->[:firebase_messaging] AndroidManifest.xml:29:25-78
159            </intent-filter>
160        </receiver>
161
162        <provider
162-->[:firebase_messaging] AndroidManifest.xml:39:9-43:38
163            android:name="io.flutter.plugins.firebase.messaging.FlutterFirebaseMessagingInitProvider"
163-->[:firebase_messaging] AndroidManifest.xml:40:13-102
164            android:authorities="com.example.routine.flutterfirebasemessaginginitprovider"
164-->[:firebase_messaging] AndroidManifest.xml:41:13-88
165            android:exported="false"
165-->[:firebase_messaging] AndroidManifest.xml:42:13-37
166            android:initOrder="99" />
166-->[:firebase_messaging] AndroidManifest.xml:43:13-35
167
168        <receiver
168-->[com.google.firebase:firebase-messaging:21.1.0] AndroidManifest.xml:28:9-35:20
169            android:name="com.google.firebase.iid.FirebaseInstanceIdReceiver"
169-->[com.google.firebase:firebase-messaging:21.1.0] AndroidManifest.xml:29:13-78
170            android:exported="true"
170-->[com.google.firebase:firebase-messaging:21.1.0] AndroidManifest.xml:30:13-36
171            android:permission="com.google.android.c2dm.permission.SEND" >
171-->[com.google.firebase:firebase-messaging:21.1.0] AndroidManifest.xml:31:13-73
172            <intent-filter>
172-->[:firebase_messaging] AndroidManifest.xml:28:13-30:29
173                <action android:name="com.google.android.c2dm.intent.RECEIVE" />
173-->[:firebase_messaging] AndroidManifest.xml:29:17-81
173-->[:firebase_messaging] AndroidManifest.xml:29:25-78
174            </intent-filter>
175        </receiver>
176        <!--
177             FirebaseMessagingService performs security checks at runtime,
178             but set to not exported to explicitly avoid allowing another app to call it.
179        -->
180        <service
180-->[com.google.firebase:firebase-messaging:21.1.0] AndroidManifest.xml:41:9-48:19
181            android:name="com.google.firebase.messaging.FirebaseMessagingService"
181-->[com.google.firebase:firebase-messaging:21.1.0] AndroidManifest.xml:42:13-82
182            android:directBootAware="true"
182-->[com.google.firebase:firebase-messaging:21.1.0] AndroidManifest.xml:43:13-43
183            android:exported="false" >
183-->[com.google.firebase:firebase-messaging:21.1.0] AndroidManifest.xml:44:13-37
184            <intent-filter android:priority="-500" >
184-->[:firebase_messaging] AndroidManifest.xml:19:13-21:29
185                <action android:name="com.google.firebase.MESSAGING_EVENT" />
185-->[:firebase_messaging] AndroidManifest.xml:20:17-78
185-->[:firebase_messaging] AndroidManifest.xml:20:25-75
186            </intent-filter>
187        </service>
188        <service
188-->[com.google.android.datatransport:transport-backend-cct:2.3.3] AndroidManifest.xml:29:9-35:19
189            android:name="com.google.android.datatransport.runtime.backends.TransportBackendDiscovery"
189-->[com.google.android.datatransport:transport-backend-cct:2.3.3] AndroidManifest.xml:30:13-103
190            android:exported="false" >
190-->[com.google.android.datatransport:transport-backend-cct:2.3.3] AndroidManifest.xml:31:13-37
191            <meta-data
191-->[com.google.android.datatransport:transport-backend-cct:2.3.3] AndroidManifest.xml:32:13-34:39
192                android:name="backend:com.google.android.datatransport.cct.CctBackendFactory"
192-->[com.google.android.datatransport:transport-backend-cct:2.3.3] AndroidManifest.xml:33:17-94
193                android:value="cct" />
193-->[com.google.android.datatransport:transport-backend-cct:2.3.3] AndroidManifest.xml:34:17-36
194        </service>
195
196        <activity
196-->[com.google.firebase:firebase-auth:20.0.4] AndroidManifest.xml:27:9-44:20
197            android:name="com.google.firebase.auth.internal.GenericIdpActivity"
197-->[com.google.firebase:firebase-auth:20.0.4] AndroidManifest.xml:28:13-80
198            android:excludeFromRecents="true"
198-->[com.google.firebase:firebase-auth:20.0.4] AndroidManifest.xml:29:13-46
199            android:exported="true"
199-->[com.google.firebase:firebase-auth:20.0.4] AndroidManifest.xml:30:13-36
200            android:launchMode="singleTask"
200-->[com.google.firebase:firebase-auth:20.0.4] AndroidManifest.xml:31:13-44
201            android:theme="@android:style/Theme.Translucent.NoTitleBar" >
201-->[com.google.firebase:firebase-auth:20.0.4] AndroidManifest.xml:32:13-72
202            <intent-filter>
202-->[com.google.firebase:firebase-auth:20.0.4] AndroidManifest.xml:33:13-43:29
203                <action android:name="android.intent.action.VIEW" />
203-->[com.google.firebase:firebase-auth:20.0.4] AndroidManifest.xml:34:17-69
203-->[com.google.firebase:firebase-auth:20.0.4] AndroidManifest.xml:34:25-66
204
205                <category android:name="android.intent.category.DEFAULT" />
205-->[com.google.firebase:firebase-auth:20.0.4] AndroidManifest.xml:36:17-76
205-->[com.google.firebase:firebase-auth:20.0.4] AndroidManifest.xml:36:27-73
206                <category android:name="android.intent.category.BROWSABLE" />
206-->[com.google.firebase:firebase-auth:20.0.4] AndroidManifest.xml:37:17-78
206-->[com.google.firebase:firebase-auth:20.0.4] AndroidManifest.xml:37:27-75
207
208                <data
208-->[com.google.firebase:firebase-auth:20.0.4] AndroidManifest.xml:39:17-42:51
209                    android:host="firebase.auth"
209-->[com.google.firebase:firebase-auth:20.0.4] AndroidManifest.xml:40:21-49
210                    android:path="/"
210-->[com.google.firebase:firebase-auth:20.0.4] AndroidManifest.xml:41:21-37
211                    android:scheme="genericidp" />
211-->[com.google.firebase:firebase-auth:20.0.4] AndroidManifest.xml:42:21-48
212            </intent-filter>
213        </activity>
214        <activity
214-->[com.google.firebase:firebase-auth:20.0.4] AndroidManifest.xml:45:9-62:20
215            android:name="com.google.firebase.auth.internal.RecaptchaActivity"
215-->[com.google.firebase:firebase-auth:20.0.4] AndroidManifest.xml:46:13-79
216            android:excludeFromRecents="true"
216-->[com.google.firebase:firebase-auth:20.0.4] AndroidManifest.xml:47:13-46
217            android:exported="true"
217-->[com.google.firebase:firebase-auth:20.0.4] AndroidManifest.xml:48:13-36
218            android:launchMode="singleTask"
218-->[com.google.firebase:firebase-auth:20.0.4] AndroidManifest.xml:49:13-44
219            android:theme="@android:style/Theme.Translucent.NoTitleBar" >
219-->[com.google.firebase:firebase-auth:20.0.4] AndroidManifest.xml:50:13-72
220            <intent-filter>
220-->[com.google.firebase:firebase-auth:20.0.4] AndroidManifest.xml:51:13-61:29
221                <action android:name="android.intent.action.VIEW" />
221-->[com.google.firebase:firebase-auth:20.0.4] AndroidManifest.xml:34:17-69
221-->[com.google.firebase:firebase-auth:20.0.4] AndroidManifest.xml:34:25-66
222
223                <category android:name="android.intent.category.DEFAULT" />
223-->[com.google.firebase:firebase-auth:20.0.4] AndroidManifest.xml:36:17-76
223-->[com.google.firebase:firebase-auth:20.0.4] AndroidManifest.xml:36:27-73
224                <category android:name="android.intent.category.BROWSABLE" />
224-->[com.google.firebase:firebase-auth:20.0.4] AndroidManifest.xml:37:17-78
224-->[com.google.firebase:firebase-auth:20.0.4] AndroidManifest.xml:37:27-75
225
226                <data
226-->[com.google.firebase:firebase-auth:20.0.4] AndroidManifest.xml:39:17-42:51
227                    android:host="firebase.auth"
227-->[com.google.firebase:firebase-auth:20.0.4] AndroidManifest.xml:40:21-49
228                    android:path="/"
228-->[com.google.firebase:firebase-auth:20.0.4] AndroidManifest.xml:41:21-37
229                    android:scheme="recaptcha" />
229-->[com.google.firebase:firebase-auth:20.0.4] AndroidManifest.xml:42:21-48
230            </intent-filter>
231        </activity>
232
233        <service
233-->[com.google.firebase:firebase-auth:20.0.4] AndroidManifest.xml:64:9-73:19
234            android:name="com.google.firebase.auth.api.fallback.service.FirebaseAuthFallbackService"
234-->[com.google.firebase:firebase-auth:20.0.4] AndroidManifest.xml:65:13-101
235            android:enabled="true"
235-->[com.google.firebase:firebase-auth:20.0.4] AndroidManifest.xml:66:13-35
236            android:exported="false" >
236-->[com.google.firebase:firebase-auth:20.0.4] AndroidManifest.xml:67:13-37
237            <intent-filter>
237-->[com.google.firebase:firebase-auth:20.0.4] AndroidManifest.xml:68:13-72:29
238                <action android:name="com.google.firebase.auth.api.gms.service.START" />
238-->[com.google.firebase:firebase-auth:20.0.4] AndroidManifest.xml:69:17-89
238-->[com.google.firebase:firebase-auth:20.0.4] AndroidManifest.xml:69:25-86
239
240                <category android:name="android.intent.category.DEFAULT" />
240-->[com.google.firebase:firebase-auth:20.0.4] AndroidManifest.xml:36:17-76
240-->[com.google.firebase:firebase-auth:20.0.4] AndroidManifest.xml:36:27-73
241            </intent-filter>
242        </service>
243
244        <provider
244-->[com.google.firebase:firebase-common:19.5.0] AndroidManifest.xml:26:9-31:39
245            android:name="com.google.firebase.provider.FirebaseInitProvider"
245-->[com.google.firebase:firebase-common:19.5.0] AndroidManifest.xml:27:13-77
246            android:authorities="com.example.routine.firebaseinitprovider"
246-->[com.google.firebase:firebase-common:19.5.0] AndroidManifest.xml:28:13-72
247            android:directBootAware="true"
247-->[com.google.firebase:firebase-common:19.5.0] AndroidManifest.xml:29:13-43
248            android:exported="false"
248-->[com.google.firebase:firebase-common:19.5.0] AndroidManifest.xml:30:13-37
249            android:initOrder="100" />
249-->[com.google.firebase:firebase-common:19.5.0] AndroidManifest.xml:31:13-36
250
251        <receiver
251-->[com.google.android.gms:play-services-measurement:18.0.3] AndroidManifest.xml:29:9-33:20
252            android:name="com.google.android.gms.measurement.AppMeasurementReceiver"
252-->[com.google.android.gms:play-services-measurement:18.0.3] AndroidManifest.xml:30:13-85
253            android:enabled="true"
253-->[com.google.android.gms:play-services-measurement:18.0.3] AndroidManifest.xml:31:13-35
254            android:exported="false" >
254-->[com.google.android.gms:play-services-measurement:18.0.3] AndroidManifest.xml:32:13-37
255        </receiver>
256
257        <service
257-->[com.google.android.gms:play-services-measurement:18.0.3] AndroidManifest.xml:35:9-38:40
258            android:name="com.google.android.gms.measurement.AppMeasurementService"
258-->[com.google.android.gms:play-services-measurement:18.0.3] AndroidManifest.xml:36:13-84
259            android:enabled="true"
259-->[com.google.android.gms:play-services-measurement:18.0.3] AndroidManifest.xml:37:13-35
260            android:exported="false" />
260-->[com.google.android.gms:play-services-measurement:18.0.3] AndroidManifest.xml:38:13-37
261        <service
261-->[com.google.android.gms:play-services-measurement:18.0.3] AndroidManifest.xml:39:9-43:72
262            android:name="com.google.android.gms.measurement.AppMeasurementJobService"
262-->[com.google.android.gms:play-services-measurement:18.0.3] AndroidManifest.xml:40:13-87
263            android:enabled="true"
263-->[com.google.android.gms:play-services-measurement:18.0.3] AndroidManifest.xml:41:13-35
264            android:exported="false"
264-->[com.google.android.gms:play-services-measurement:18.0.3] AndroidManifest.xml:42:13-37
265            android:permission="android.permission.BIND_JOB_SERVICE" />
265-->[com.google.android.gms:play-services-measurement:18.0.3] AndroidManifest.xml:43:13-69
266
267        <activity
267-->[com.google.android.gms:play-services-base:17.1.0] AndroidManifest.xml:23:9-26:75
268            android:name="com.google.android.gms.common.api.GoogleApiActivity"
268-->[com.google.android.gms:play-services-base:17.1.0] AndroidManifest.xml:24:13-79
269            android:exported="false"
269-->[com.google.android.gms:play-services-base:17.1.0] AndroidManifest.xml:25:13-37
270            android:theme="@android:style/Theme.Translucent.NoTitleBar" />
270-->[com.google.android.gms:play-services-base:17.1.0] AndroidManifest.xml:26:13-72
271
272        <meta-data
272-->[com.google.android.gms:play-services-basement:17.2.1] AndroidManifest.xml:23:9-25:69
273            android:name="com.google.android.gms.version"
273-->[com.google.android.gms:play-services-basement:17.2.1] AndroidManifest.xml:24:13-58
274            android:value="@integer/google_play_services_version" />
274-->[com.google.android.gms:play-services-basement:17.2.1] AndroidManifest.xml:25:13-66
275
276        <service
276-->[com.google.android.datatransport:transport-runtime:2.2.5] AndroidManifest.xml:26:9-30:19
277            android:name="com.google.android.datatransport.runtime.scheduling.jobscheduling.JobInfoSchedulerService"
277-->[com.google.android.datatransport:transport-runtime:2.2.5] AndroidManifest.xml:27:13-117